<?xml version="1.0" encoding="utf-8"?><testsuites name="pytest tests"><testsuite name="pytest" errors="0" failures="0" skipped="0" tests="32" time="7.318" timestamp="2026-07-05T20:10:36.421018+00:00" hostname="agent-env-379e2189-a604-468a-a7f6-10be7ecd738f"><testcase classname="tests.backend_test.TestBanners" name="test_admin_create_slider_banner" time="0.821" /><testcase classname="tests.backend_test.TestCoupons" name="test_admin_create_percent_coupon" time="0.955" /><testcase classname="tests.backend_test.TestBanners" name="test_admin_create_promo_banner" time="0.133" /><testcase classname="tests.backend_test.TestBanners" name="test_public_get_banners_kind_filter" time="0.278" /><testcase classname="tests.backend_test.TestCoupons" name="test_admin_create_flat_coupon" time="0.179" /><testcase classname="tests.backend_test.TestCoupons" name="test_admin_list_coupons" time="0.112" /><testcase classname="tests.backend_test.TestBanners" name="test_public_get_banners_only_active" time="0.491" /><testcase classname="tests.backend_test.TestCoupons" name="test_admin_coupons_non_admin_forbidden" time="0.495" /><testcase classname="tests.backend_test.TestCoupons" name="test_admin_coupons_no_auth_unauthorized" time="0.419" /><testcase classname="tests.backend_test.TestCoupons" name="test_toggle_active_via_put" time="0.331" /><testcase classname="tests.backend_test.TestBanners" name="test_admin_banners_non_admin_forbidden" time="0.677" /><testcase classname="tests.backend_test.TestBanners" name="test_zzz_delete_test_banners" time="0.291" /><testcase classname="tests.backend_test.TestCoupons" name="test_validate_percent_coupon" time="0.110" /><testcase classname="tests.backend_test.TestCoupons" name="test_validate_flat_coupon" time="0.151" /><testcase classname="tests.backend_test.TestOrderWithCoupon" name="test_setup_coupon" time="0.144" /><testcase classname="tests.backend_test.TestCoupons" name="test_validate_min_order_not_met" time="0.166" /><testcase classname="tests.backend_test.TestOrderWithCoupon" name="test_order_with_valid_coupon" time="0.313" /><testcase classname="tests.backend_test.TestCoupons" name="test_validate_unknown_code" time="0.152" /><testcase classname="tests.backend_test.TestCoupons" name="test_validate_inactive_coupon" time="0.256" /><testcase classname="tests.backend_test.TestOrderWithCoupon" name="test_coupon_uses_incremented" time="0.446" /><testcase classname="tests.backend_test.TestCoupons" name="test_validate_expired_coupon" time="0.316" /><testcase classname="tests.backend_test.TestOrderWithCoupon" name="test_order_with_invalid_coupon_rejected" time="1.865" /><testcase classname="tests.backend_test.TestCoupons" name="test_zzz_delete_all_test_coupons" time="0.648" /><testcase classname="tests.backend_test.TestRegression" name="test_products_list" time="0.101" /><testcase classname="tests.backend_test.TestRegression" name="test_product_crud" time="0.354" /><testcase classname="tests.backend_test.TestRegression" name="test_admin_order_status_update" time="0.384" /><testcase classname="tests.backend_test.TestRegression" name="test_otp_request_mock" time="0.141" /><testcase classname="tests.backend_test.TestRegression" name="test_payment_settings_public" time="0.123" /><testcase classname="tests.backend_test.TestAuth" name="test_admin_login_returns_cookie_and_role" time="0.435" /><testcase classname="tests.backend_test.TestOrderWithCoupon" name="test_order_without_coupon_still_works" time="0.527" /><testcase classname="tests.backend_test.TestAuth" name="test_admin_login_bad_password" time="0.679" /><testcase classname="tests.backend_test.TestOrderWithCoupon" name="test_zzz_cleanup_order_coupon" time="0.494" /></testsuite></testsuites>