<?xml version="1.0" encoding="utf-8"?><testsuites name="pytest tests"><testsuite name="pytest" errors="0" failures="0" skipped="0" tests="29" time="3.880" timestamp="2026-07-06T15:53:51.357689+00:00" hostname="agent-env-379e2189-a604-468a-a7f6-10be7ecd738f"><testcase classname="tests.backend_test.TestAnonymousOrders" name="test_orders_mine_removed_404" time="0.464" /><testcase classname="tests.backend_test.TestCoupons" name="test_admin_create_percent_coupon" time="0.584" /><testcase classname="tests.backend_test.TestAnonymousOrders" name="test_anonymous_order_no_auth_ok" time="0.214" /><testcase classname="tests.backend_test.TestCoupons" name="test_admin_coupons_no_auth_unauthorized" time="0.099" /><testcase classname="tests.backend_test.TestAnonymousOrders" name="test_anonymous_order_empty_items_400" time="0.105" /><testcase classname="tests.backend_test.TestCoupons" name="test_validate_percent_coupon" time="0.143" /><testcase classname="tests.backend_test.TestCoupons" name="test_validate_min_order_not_met" time="0.280" /><testcase classname="tests.backend_test.TestAnonymousOrders" name="test_setup_save10_coupon" time="0.459" /><testcase classname="tests.backend_test.TestCoupons" name="test_validate_unknown_code" time="0.105" /><testcase classname="tests.backend_test.TestCoupons" name="test_zzz_delete_all_test_coupons" time="0.101" /><testcase classname="tests.backend_test.TestAnonymousOrders" name="test_anonymous_order_with_save10_applies_and_increments_uses" time="0.919" /><testcase classname="tests.backend_test.TestAuth" name="test_admin_login_returns_cookie_and_role" time="0.000" /><testcase classname="tests.backend_test.TestAuth" name="test_admin_login_bad_password" time="0.328" /><testcase classname="tests.backend_test.TestAuth" name="test_auth_me_with_admin_token" time="0.098" /><testcase classname="tests.backend_test.TestAuth" name="test_auth_me_no_token_401" time="0.128" /><testcase classname="tests.backend_test.TestSiteSettings" name="test_public_get_site_defaults" time="0.106" /><testcase classname="tests.backend_test.TestSiteSettings" name="test_admin_put_site_persists" time="0.202" /><testcase classname="tests.backend_test.TestAnonymousOrders" name="test_anonymous_order_invalid_coupon_400" time="0.305" /><testcase classname="tests.backend_test.TestSiteSettings" name="test_admin_put_site_non_admin_401" time="0.140" /><testcase classname="tests.backend_test.TestSiteSettings" name="test_zzz_restore_site" time="0.103" /><testcase classname="tests.backend_test.TestRegression" name="test_products_list" time="0.108" /><testcase classname="tests.backend_test.TestAnonymousOrders" name="test_admin_orders_lists_anonymous" time="0.145" /><testcase classname="tests.backend_test.TestRegression" name="test_product_crud" time="0.389" /><testcase classname="tests.backend_test.TestBanners" name="test_admin_create_slider_banner" time="0.144" /><testcase classname="tests.backend_test.TestBanners" name="test_public_get_banners_kind_filter" time="0.101" /><testcase classname="tests.backend_test.TestBanners" name="test_admin_banners_no_auth_unauthorized" time="0.139" /><testcase classname="tests.backend_test.TestRegression" name="test_admin_order_status_confirmed" time="0.310" /><testcase classname="tests.backend_test.TestBanners" name="test_zzz_delete_test_banners" time="0.109" /><testcase classname="tests.backend_test.TestRegression" name="test_payment_settings_public" time="0.101" /></testsuite></testsuites>